\BOOKMARK [1][-]{section.1}{\376\377\000P\000r\000o\000j\000e\000c\000t\000\040\000O\000v\000e\000r\000v\000i\000e\000w}{}% 1
\BOOKMARK [2][-]{subsection.1.1}{\376\377\000P\000r\000o\000j\000e\000c\000t\000\040\000S\000t\000r\000u\000c\000t\000u\000r\000e}{section.1}% 2
\BOOKMARK [1][-]{section.2}{\376\377\000T\000e\000c\000h\000n\000o\000l\000o\000g\000y\000\040\000S\000t\000a\000c\000k}{}% 3
\BOOKMARK [2][-]{subsection.2.1}{\376\377\000B\000a\000c\000k\000-\000e\000n\000d}{section.2}% 4
\BOOKMARK [2][-]{subsection.2.2}{\376\377\000F\000r\000o\000n\000t\000-\000e\000n\000d}{section.2}% 5
\BOOKMARK [2][-]{subsection.2.3}{\376\377\000D\000a\000t\000a\000b\000a\000s\000e\000\040\000\046\000\040\000D\000e\000v\000O\000p\000s}{section.2}% 6
\BOOKMARK [1][-]{section.3}{\376\377\000S\000e\000r\000v\000i\000c\000e\000\040\000A\000r\000c\000h\000i\000t\000e\000c\000t\000u\000r\000e}{}% 7
\BOOKMARK [2][-]{subsection.3.1}{\376\377\000H\000i\000g\000h\000-\000L\000e\000v\000e\000l\000\040\000S\000e\000r\000v\000i\000c\000e\000\040\000T\000o\000p\000o\000l\000o\000g\000y}{section.3}% 8
\BOOKMARK [2][-]{subsection.3.2}{\376\377\000S\000e\000r\000v\000i\000c\000e\000\040\000D\000e\000p\000e\000n\000d\000e\000n\000c\000i\000e\000s\000\040\000\046\000\040\000S\000t\000a\000r\000t\000\040\000O\000r\000d\000e\000r}{section.3}% 9
\BOOKMARK [2][-]{subsection.3.3}{\376\377\000S\000e\000r\000v\000i\000c\000e\000\040\000D\000e\000t\000a\000i\000l\000s}{section.3}% 10
\BOOKMARK [1][-]{section.4}{\376\377\000S\000t\000a\000r\000t\000u\000p\000\040\000S\000e\000q\000u\000e\000n\000c\000e}{}% 11
\BOOKMARK [1][-]{section.5}{\376\377\000D\000a\000t\000a\000b\000a\000s\000e\000\040\000M\000i\000g\000r\000a\000t\000i\000o\000n\000\040\000S\000t\000r\000a\000t\000e\000g\000y}{}% 12
\BOOKMARK [2][-]{subsection.5.1}{\376\377\000E\000n\000d\000-\000t\000o\000-\000E\000n\000d\000\040\000M\000i\000g\000r\000a\000t\000i\000o\000n\000\040\000W\000o\000r\000k\000f\000l\000o\000w}{section.5}% 13
\BOOKMARK [2][-]{subsection.5.2}{\376\377\000M\000i\000g\000r\000a\000t\000i\000o\000n\000\040\000F\000i\000l\000e\000\040\000F\000o\000r\000m\000a\000t}{section.5}% 14
\BOOKMARK [2][-]{subsection.5.3}{\376\377\000M\000i\000g\000r\000a\000t\000i\000o\000n\000\040\000T\000r\000a\000c\000k\000i\000n\000g\000\040\040\024\000\040\000p\000g\000m\000i\000g\000r\000a\000t\000i\000o\000n\000s\000\040\000T\000a\000b\000l\000e}{section.5}% 15
\BOOKMARK [1][-]{section.6}{\376\377\000C\000I\000/\000C\000D\000\040\000P\000i\000p\000e\000l\000i\000n\000e}{}% 16
\BOOKMARK [2][-]{subsection.6.1}{\376\377\000B\000u\000i\000l\000d\000\040\000P\000h\000a\000s\000e\000\040\040\024\000\040\000G\000i\000t\000H\000u\000b\000\040\000A\000c\000t\000i\000o\000n\000s\000\040\000R\000u\000n\000n\000e\000r}{section.6}% 17
\BOOKMARK [2][-]{subsection.6.2}{\376\377\000D\000e\000p\000l\000o\000y\000\040\000P\000h\000a\000s\000e\000\040\040\024\000\040\000O\000C\000I\000\040\000V\000i\000r\000t\000u\000a\000l\000\040\000M\000a\000c\000h\000i\000n\000e}{section.6}% 18
\BOOKMARK [2][-]{subsection.6.3}{\376\377\000R\000o\000l\000l\000b\000a\000c\000k\000\040\000S\000t\000r\000a\000t\000e\000g\000y}{section.6}% 19
\BOOKMARK [1][-]{section.7}{\376\377\000E\000n\000v\000i\000r\000o\000n\000m\000e\000n\000t\000\040\000V\000a\000r\000i\000a\000b\000l\000e\000s}{}% 20
\BOOKMARK [2][-]{subsection.7.1}{\376\377\000V\000a\000r\000i\000a\000b\000l\000e\000\040\000R\000e\000f\000e\000r\000e\000n\000c\000e}{section.7}% 21
\BOOKMARK [2][-]{subsection.7.2}{\376\377\000S\000e\000c\000r\000e\000t\000\040\000F\000l\000o\000w\000\040\000D\000i\000a\000g\000r\000a\000m}{section.7}% 22
\BOOKMARK [2][-]{subsection.7.3}{\376\377\000.\000e\000n\000v\000\040\000F\000i\000l\000e\000\040\000o\000n\000\040\000O\000C\000I\000\040\000V\000M}{section.7}% 23
\BOOKMARK [1][-]{section.8}{\376\377\000N\000e\000t\000w\000o\000r\000k\000i\000n\000g\000\040\000\046\000\040\000R\000e\000v\000e\000r\000s\000e\000\040\000P\000r\000o\000x\000y}{}% 24
\BOOKMARK [2][-]{subsection.8.1}{\376\377\000N\000e\000t\000w\000o\000r\000k\000\040\000A\000r\000c\000h\000i\000t\000e\000c\000t\000u\000r\000e}{section.8}% 25
\BOOKMARK [2][-]{subsection.8.2}{\376\377\000N\000g\000i\000n\000x\000\040\000D\000N\000S\000\040\000R\000e\000s\000o\000l\000u\000t\000i\000o\000n}{section.8}% 26
\BOOKMARK [2][-]{subsection.8.3}{\376\377\000E\000n\000d\000-\000t\000o\000-\000E\000n\000d\000\040\000R\000e\000q\000u\000e\000s\000t\000\040\000F\000l\000o\000w}{section.8}% 27
\BOOKMARK [1][-]{section.9}{\376\377\000D\000e\000p\000l\000o\000y\000m\000e\000n\000t\000\040\000P\000r\000o\000c\000e\000s\000s}{}% 28
\BOOKMARK [2][-]{subsection.9.1}{\376\377\000P\000r\000e\000-\000D\000e\000p\000l\000o\000y\000m\000e\000n\000t\000\040\000C\000h\000e\000c\000k\000l\000i\000s\000t}{section.9}% 29
\BOOKMARK [2][-]{subsection.9.2}{\376\377\000T\000r\000i\000g\000g\000e\000r\000i\000n\000g\000\040\000a\000\040\000D\000e\000p\000l\000o\000y\000m\000e\000n\000t}{section.9}% 30
\BOOKMARK [2][-]{subsection.9.3}{\376\377\000V\000e\000r\000i\000f\000y\000i\000n\000g\000\040\000a\000\040\000D\000e\000p\000l\000o\000y\000m\000e\000n\000t\000\040\000o\000n\000\040\000t\000h\000e\000\040\000O\000C\000I\000\040\000V\000M}{section.9}% 31
\BOOKMARK [1][-]{section.10}{\376\377\000T\000r\000o\000u\000b\000l\000e\000s\000h\000o\000o\000t\000i\000n\000g}{}% 32
\BOOKMARK [2][-]{subsection.10.1}{\376\377\000D\000i\000a\000g\000n\000o\000s\000t\000i\000c\000\040\000C\000o\000m\000m\000a\000n\000d\000\040\000R\000e\000f\000e\000r\000e\000n\000c\000e}{section.10}% 33
\BOOKMARK [1][-]{section.11}{\376\377\000A\000r\000c\000h\000i\000t\000e\000c\000t\000u\000r\000e\000\040\000S\000u\000m\000m\000a\000r\000y}{}% 34
